Thu, 28 Jul 2016 21:36:54 GMT express-session deprecated undefined resave option; provide resave option at final.js:21:9
Thu, 28 Jul 2016 21:36:54 GMT express-session deprecated undefined saveUninitialized option; provide saveUninitialized option at final.js:21:9
Express started on http://localhost:3000; press Ctrl+C to terminate.
Error: ER_WRONG_VALUE_COUNT_ON_ROW: Column count doesn't match value count at row 1
    at Query.Sequence._packetToError (/home/ubuntu/final-nodes/node_modules/mysql/lib/protocol/sequences/Sequence.js:51:14)
    at Query.ErrorPacket (/home/ubuntu/final-nodes/node_modules/mysql/lib/protocol/sequences/Query.js:83:18)
    at Protocol._parsePacket (/home/ubuntu/final-nodes/node_modules/mysql/lib/protocol/Protocol.js:280:23)
    at Parser.write (/home/ubuntu/final-nodes/node_modules/mysql/lib/protocol/Parser.js:74:12)
    at Protocol.write (/home/ubuntu/final-nodes/node_modules/mysql/lib/protocol/Protocol.js:39:16)
    at Socket.<anonymous> (/home/ubuntu/final-nodes/node_modules/mysql/lib/Connection.js:109:28)
    at Socket.emit (events.js:107:17)
    at readableAddChunk (_stream_readable.js:163:16)
    at Socket.Readable.push (_stream_readable.js:126:10)
    at TCP.onread (net.js:538:20)
    --------------------
    at Pool.query (/home/ubuntu/final-nodes/node_modules/mysql/lib/Pool.js:197:23)
    at /home/ubuntu/final-nodes/final.js:84:8
    at Layer.handle [as handle_request] (/home/ubuntu/final-nodes/node_modules/express/lib/router/layer.js:95:5)
    at next (/home/ubuntu/final-nodes/node_modules/express/lib/router/route.js:131:13)
    at Route.dispatch (/home/ubuntu/final-nodes/node_modules/express/lib/router/route.js:112:3)
    at Layer.handle [as handle_request] (/home/ubuntu/final-nodes/node_modules/express/lib/router/layer.js:95:5)
    at /home/ubuntu/final-nodes/node_modules/express/lib/router/index.js:277:22
    at Function.process_params (/home/ubuntu/final-nodes/node_modules/express/lib/router/index.js:330:12)
    at next (/home/ubuntu/final-nodes/node_modules/express/lib/router/index.js:271:10)
    at session (/home/ubuntu/final-nodes/node_modules/express-session/index.js:428:7)
Error: ER_WRONG_VALUE_COUNT_ON_ROW: Column count doesn't match value count at row 1
    at Query.Sequence._packetToError (/home/ubuntu/final-nodes/node_modules/mysql/lib/protocol/sequences/Sequence.js:51:14)
    at Query.ErrorPacket (/home/ubuntu/final-nodes/node_modules/mysql/lib/protocol/sequences/Query.js:83:18)
    at Protocol._parsePacket (/home/ubuntu/final-nodes/node_modules/mysql/lib/protocol/Protocol.js:280:23)
    at Parser.write (/home/ubuntu/final-nodes/node_modules/mysql/lib/protocol/Parser.js:74:12)
    at Protocol.write (/home/ubuntu/final-nodes/node_modules/mysql/lib/protocol/Protocol.js:39:16)
    at Socket.<anonymous> (/home/ubuntu/final-nodes/node_modules/mysql/lib/Connection.js:109:28)
    at Socket.emit (events.js:107:17)
    at readableAddChunk (_stream_readable.js:163:16)
    at Socket.Readable.push (_stream_readable.js:126:10)
    at TCP.onread (net.js:538:20)
    --------------------
    at Pool.query (/home/ubuntu/final-nodes/node_modules/mysql/lib/Pool.js:197:23)
    at /home/ubuntu/final-nodes/final.js:84:8
    at Layer.handle [as handle_request] (/home/ubuntu/final-nodes/node_modules/express/lib/router/layer.js:95:5)
    at next (/home/ubuntu/final-nodes/node_modules/express/lib/router/route.js:131:13)
    at Route.dispatch (/home/ubuntu/final-nodes/node_modules/express/lib/router/route.js:112:3)
    at Layer.handle [as handle_request] (/home/ubuntu/final-nodes/node_modules/express/lib/router/layer.js:95:5)
    at /home/ubuntu/final-nodes/node_modules/express/lib/router/index.js:277:22
    at Function.process_params (/home/ubuntu/final-nodes/node_modules/express/lib/router/index.js:330:12)
    at next (/home/ubuntu/final-nodes/node_modules/express/lib/router/index.js:271:10)
    at session (/home/ubuntu/final-nodes/node_modules/express-session/index.js:428:7)
Error: ER_WRONG_VALUE_COUNT_ON_ROW: Column count doesn't match value count at row 1
    at Query.Sequence._packetToError (/home/ubuntu/final-nodes/node_modules/mysql/lib/protocol/sequences/Sequence.js:51:14)
    at Query.ErrorPacket (/home/ubuntu/final-nodes/node_modules/mysql/lib/protocol/sequences/Query.js:83:18)
    at Protocol._parsePacket (/home/ubuntu/final-nodes/node_modules/mysql/lib/protocol/Protocol.js:280:23)
    at Parser.write (/home/ubuntu/final-nodes/node_modules/mysql/lib/protocol/Parser.js:74:12)
    at Protocol.write (/home/ubuntu/final-nodes/node_modules/mysql/lib/protocol/Protocol.js:39:16)
    at Socket.<anonymous> (/home/ubuntu/final-nodes/node_modules/mysql/lib/Connection.js:109:28)
    at Socket.emit (events.js:107:17)
    at readableAddChunk (_stream_readable.js:163:16)
    at Socket.Readable.push (_stream_readable.js:126:10)
    at TCP.onread (net.js:538:20)
    --------------------
    at Pool.query (/home/ubuntu/final-nodes/node_modules/mysql/lib/Pool.js:197:23)
    at /home/ubuntu/final-nodes/final.js:84:8
    at Layer.handle [as handle_request] (/home/ubuntu/final-nodes/node_modules/express/lib/router/layer.js:95:5)
    at next (/home/ubuntu/final-nodes/node_modules/express/lib/router/route.js:131:13)
    at Route.dispatch (/home/ubuntu/final-nodes/node_modules/express/lib/router/route.js:112:3)
    at Layer.handle [as handle_request] (/home/ubuntu/final-nodes/node_modules/express/lib/router/layer.js:95:5)
    at /home/ubuntu/final-nodes/node_modules/express/lib/router/index.js:277:22
    at Function.process_params (/home/ubuntu/final-nodes/node_modules/express/lib/router/index.js:330:12)
    at next (/home/ubuntu/final-nodes/node_modules/express/lib/router/index.js:271:10)
    at session (/home/ubuntu/final-nodes/node_modules/express-session/index.js:428:7)
error: Forever detected script was killed by signal: SIGKILL
