Tue, 02 Aug 2016 18:21:01 GMT express-session deprecated undefined resave option; provide resave option at final.js:21:9
Tue, 02 Aug 2016 18:21:01 GMT express-session deprecated undefined saveUninitialized option; provide saveUninitialized option at final.js:21:9
Express started on http://localhost:3000; press Ctrl+C to terminate.
Error: ER_SP_DOES_NOT_EXIST: FUNCTION student.DATE_FORMATE does not exist
    at Query.Sequence._packetToError (/home/ubuntu/final-nodes/node_modules/mysql/lib/protocol/sequences/Sequence.js:51:14)
    at Query.ErrorPacket (/home/ubuntu/final-nodes/node_modules/mysql/lib/protocol/sequences/Query.js:83:18)
    at Protocol._parsePacket (/home/ubuntu/final-nodes/node_modules/mysql/lib/protocol/Protocol.js:280:23)
    at Parser.write (/home/ubuntu/final-nodes/node_modules/mysql/lib/protocol/Parser.js:74:12)
    at Protocol.write (/home/ubuntu/final-nodes/node_modules/mysql/lib/protocol/Protocol.js:39:16)
    at Socket.<anonymous> (/home/ubuntu/final-nodes/node_modules/mysql/lib/Connection.js:109:28)
    at Socket.emit (events.js:107:17)
    at readableAddChunk (_stream_readable.js:163:16)
    at Socket.Readable.push (_stream_readable.js:126:10)
    at TCP.onread (net.js:538:20)
    --------------------
    at Pool.query (/home/ubuntu/final-nodes/node_modules/mysql/lib/Pool.js:197:23)
    at Query._callback (/home/ubuntu/final-nodes/final.js:92:10)
    at Query.Sequence.end (/home/ubuntu/final-nodes/node_modules/mysql/lib/protocol/sequences/Sequence.js:85:24)
    at Query._handleFinalResultPacket (/home/ubuntu/final-nodes/node_modules/mysql/lib/protocol/sequences/Query.js:144:8)
    at Query.OkPacket (/home/ubuntu/final-nodes/node_modules/mysql/lib/protocol/sequences/Query.js:78:10)
    at Protocol._parsePacket (/home/ubuntu/final-nodes/node_modules/mysql/lib/protocol/Protocol.js:280:23)
    at Parser.write (/home/ubuntu/final-nodes/node_modules/mysql/lib/protocol/Parser.js:74:12)
    at Protocol.write (/home/ubuntu/final-nodes/node_modules/mysql/lib/protocol/Protocol.js:39:16)
    at Socket.<anonymous> (/home/ubuntu/final-nodes/node_modules/mysql/lib/Connection.js:109:28)
    at Socket.emit (events.js:107:17)
error: Forever detected script was killed by signal: SIGKILL
