Sat, 30 Jul 2016 20:19:36 GMT express-session deprecated undefined resave option; provide resave option at final.js:21:9
Sat, 30 Jul 2016 20:19:36 GMT express-session deprecated undefined saveUninitialized option; provide saveUninitialized option at final.js:21:9
Express started on http://localhost:3000; press Ctrl+C to terminate.
/home/ubuntu/final-nodes/node_modules/mysql/lib/protocol/Parser.js:78
        throw err; // Rethrow non-MySQL errors
              ^
ReferenceError: result is not defined
    at Query._callback (/home/ubuntu/final-nodes/final.js:125:8)
    at Query.Sequence.end (/home/ubuntu/final-nodes/node_modules/mysql/lib/protocol/sequences/Sequence.js:85:24)
    at Query._handleFinalResultPacket (/home/ubuntu/final-nodes/node_modules/mysql/lib/protocol/sequences/Query.js:144:8)
    at Query.EofPacket (/home/ubuntu/final-nodes/node_modules/mysql/lib/protocol/sequences/Query.js:128:8)
    at Protocol._parsePacket (/home/ubuntu/final-nodes/node_modules/mysql/lib/protocol/Protocol.js:280:23)
    at Parser.write (/home/ubuntu/final-nodes/node_modules/mysql/lib/protocol/Parser.js:74:12)
    at Protocol.write (/home/ubuntu/final-nodes/node_modules/mysql/lib/protocol/Protocol.js:39:16)
    at Socket.<anonymous> (/home/ubuntu/final-nodes/node_modules/mysql/lib/Connection.js:109:28)
    at Socket.emit (events.js:107:17)
    at readableAddChunk (_stream_readable.js:163:16)
error: Forever detected script exited with code: 1
error: Script restart attempt #1
Sat, 30 Jul 2016 20:20:01 GMT express-session deprecated undefined resave option; provide resave option at final.js:21:9
Sat, 30 Jul 2016 20:20:01 GMT express-session deprecated undefined saveUninitialized option; provide saveUninitialized option at final.js:21:9
Express started on http://localhost:3000; press Ctrl+C to terminate.
/home/ubuntu/final-nodes/node_modules/mysql/lib/protocol/Parser.js:78
        throw err; // Rethrow non-MySQL errors
              ^
ReferenceError: result is not defined
    at Query._callback (/home/ubuntu/final-nodes/final.js:125:8)
    at Query.Sequence.end (/home/ubuntu/final-nodes/node_modules/mysql/lib/protocol/sequences/Sequence.js:85:24)
    at Query._handleFinalResultPacket (/home/ubuntu/final-nodes/node_modules/mysql/lib/protocol/sequences/Query.js:144:8)
    at Query.EofPacket (/home/ubuntu/final-nodes/node_modules/mysql/lib/protocol/sequences/Query.js:128:8)
    at Protocol._parsePacket (/home/ubuntu/final-nodes/node_modules/mysql/lib/protocol/Protocol.js:280:23)
    at Parser.write (/home/ubuntu/final-nodes/node_modules/mysql/lib/protocol/Parser.js:74:12)
    at Protocol.write (/home/ubuntu/final-nodes/node_modules/mysql/lib/protocol/Protocol.js:39:16)
    at Socket.<anonymous> (/home/ubuntu/final-nodes/node_modules/mysql/lib/Connection.js:109:28)
    at Socket.emit (events.js:107:17)
    at readableAddChunk (_stream_readable.js:163:16)
error: Forever detected script exited with code: 1
error: Script restart attempt #2
Sat, 30 Jul 2016 20:20:02 GMT express-session deprecated undefined resave option; provide resave option at final.js:21:9
Sat, 30 Jul 2016 20:20:02 GMT express-session deprecated undefined saveUninitialized option; provide saveUninitialized option at final.js:21:9
Express started on http://localhost:3000; press Ctrl+C to terminate.
/home/ubuntu/final-nodes/node_modules/mysql/lib/protocol/Parser.js:78
        throw err; // Rethrow non-MySQL errors
              ^
ReferenceError: result is not defined
    at Query._callback (/home/ubuntu/final-nodes/final.js:125:8)
    at Query.Sequence.end (/home/ubuntu/final-nodes/node_modules/mysql/lib/protocol/sequences/Sequence.js:85:24)
    at Query._handleFinalResultPacket (/home/ubuntu/final-nodes/node_modules/mysql/lib/protocol/sequences/Query.js:144:8)
    at Query.EofPacket (/home/ubuntu/final-nodes/node_modules/mysql/lib/protocol/sequences/Query.js:128:8)
    at Protocol._parsePacket (/home/ubuntu/final-nodes/node_modules/mysql/lib/protocol/Protocol.js:280:23)
    at Parser.write (/home/ubuntu/final-nodes/node_modules/mysql/lib/protocol/Parser.js:74:12)
    at Protocol.write (/home/ubuntu/final-nodes/node_modules/mysql/lib/protocol/Protocol.js:39:16)
    at Socket.<anonymous> (/home/ubuntu/final-nodes/node_modules/mysql/lib/Connection.js:109:28)
    at Socket.emit (events.js:107:17)
    at readableAddChunk (_stream_readable.js:163:16)
error: Forever detected script exited with code: 1
error: Script restart attempt #3
Sat, 30 Jul 2016 20:21:06 GMT express-session deprecated undefined resave option; provide resave option at final.js:21:9
Sat, 30 Jul 2016 20:21:06 GMT express-session deprecated undefined saveUninitialized option; provide saveUninitialized option at final.js:21:9
Express started on http://localhost:3000; press Ctrl+C to terminate.
/home/ubuntu/final-nodes/node_modules/mysql/lib/protocol/Parser.js:78
        throw err; // Rethrow non-MySQL errors
              ^
ReferenceError: result is not defined
    at Query._callback (/home/ubuntu/final-nodes/final.js:125:8)
    at Query.Sequence.end (/home/ubuntu/final-nodes/node_modules/mysql/lib/protocol/sequences/Sequence.js:85:24)
    at Query._handleFinalResultPacket (/home/ubuntu/final-nodes/node_modules/mysql/lib/protocol/sequences/Query.js:144:8)
    at Query.EofPacket (/home/ubuntu/final-nodes/node_modules/mysql/lib/protocol/sequences/Query.js:128:8)
    at Protocol._parsePacket (/home/ubuntu/final-nodes/node_modules/mysql/lib/protocol/Protocol.js:280:23)
    at Parser.write (/home/ubuntu/final-nodes/node_modules/mysql/lib/protocol/Parser.js:74:12)
    at Protocol.write (/home/ubuntu/final-nodes/node_modules/mysql/lib/protocol/Protocol.js:39:16)
    at Socket.<anonymous> (/home/ubuntu/final-nodes/node_modules/mysql/lib/Connection.js:109:28)
    at Socket.emit (events.js:107:17)
    at readableAddChunk (_stream_readable.js:163:16)
error: Forever detected script exited with code: 1
error: Script restart attempt #4
Sat, 30 Jul 2016 20:21:08 GMT express-session deprecated undefined resave option; provide resave option at final.js:21:9
Sat, 30 Jul 2016 20:21:08 GMT express-session deprecated undefined saveUninitialized option; provide saveUninitialized option at final.js:21:9
Express started on http://localhost:3000; press Ctrl+C to terminate.
error: Forever detected script was killed by signal: SIGKILL
