Sun, 31 Jul 2016 01:30:47 GMT express-session deprecated undefined resave option; provide resave option at final.js:21:9
Sun, 31 Jul 2016 01:30:47 GMT express-session deprecated undefined saveUninitialized option; provide saveUninitialized option at final.js:21:9
Express started on http://localhost:3000; press Ctrl+C to terminate.
Sun, 31 Jul 2016 01:31:02 GMT express deprecated res.send(status): Use res.sendStatus(status) instead at final.js:92:9
Error: ER_PARSE_ERROR: You have an error in your SQL syntax; check the manual that corresponds to your MySQL server version for the right syntax to use near '' at line 1
    at Query.Sequence._packetToError (/home/ubuntu/final-nodes/node_modules/mysql/lib/protocol/sequences/Sequence.js:51:14)
    at Query.ErrorPacket (/home/ubuntu/final-nodes/node_modules/mysql/lib/protocol/sequences/Query.js:83:18)
    at Protocol._parsePacket (/home/ubuntu/final-nodes/node_modules/mysql/lib/protocol/Protocol.js:280:23)
    at Parser.write (/home/ubuntu/final-nodes/node_modules/mysql/lib/protocol/Parser.js:74:12)
    at Protocol.write (/home/ubuntu/final-nodes/node_modules/mysql/lib/protocol/Protocol.js:39:16)
    at Socket.<anonymous> (/home/ubuntu/final-nodes/node_modules/mysql/lib/Connection.js:109:28)
    at Socket.emit (events.js:107:17)
    at readableAddChunk (_stream_readable.js:163:16)
    at Socket.Readable.push (_stream_readable.js:126:10)
    at TCP.onread (net.js:538:20)
    --------------------
    at Pool.query (/home/ubuntu/final-nodes/node_modules/mysql/lib/Pool.js:197:23)
    at /home/ubuntu/final-nodes/final.js:115:8
    at Layer.handle [as handle_request] (/home/ubuntu/final-nodes/node_modules/express/lib/router/layer.js:95:5)
    at next (/home/ubuntu/final-nodes/node_modules/express/lib/router/route.js:131:13)
    at Route.dispatch (/home/ubuntu/final-nodes/node_modules/express/lib/router/route.js:112:3)
    at Layer.handle [as handle_request] (/home/ubuntu/final-nodes/node_modules/express/lib/router/layer.js:95:5)
    at /home/ubuntu/final-nodes/node_modules/express/lib/router/index.js:277:22
    at Function.process_params (/home/ubuntu/final-nodes/node_modules/express/lib/router/index.js:330:12)
    at next (/home/ubuntu/final-nodes/node_modules/express/lib/router/index.js:271:10)
    at Immediate.<anonymous> (/home/ubuntu/final-nodes/node_modules/express-session/index.js:463:7)
error: Forever detected script was killed by signal: SIGKILL
